RUN	simulations.BasicLoadSimulation	basicloadsimulation	1600001125959	1	3.3.1
USER	Basic Load Simulation	1	START	1600001131686	1600001131686
USER	Basic Load Simulation	5	START	1600001131686	1600001131686
USER	Basic Load Simulation	2	START	1600001131686	1600001131686
USER	Basic Load Simulation	3	START	1600001131686	1600001131686
USER	Basic Load Simulation	4	START	1600001131686	1600001131686
USER	Basic Load Simulation	6	START	1600001131686	1600001131686
REQUEST	3		Get all video games	1600001131709	1600001131727	OK	 
REQUEST	5		Get all video games	1600001131709	1600001131727	OK	 
REQUEST	1		Get all video games	1600001131709	1600001131727	OK	 
REQUEST	2		Get all video games	1600001131709	1600001131727	OK	 
REQUEST	6		Get all video games	1600001131709	1600001131727	OK	 
REQUEST	4		Get all video games	1600001131709	1600001131727	OK	 
USER	Basic Load Simulation	7	START	1600001132691	1600001132691
REQUEST	7		Get all video games	1600001132692	1600001132700	OK	 
USER	Basic Load Simulation	8	START	1600001133687	1600001133687
REQUEST	8		Get all video games	1600001133688	1600001133695	OK	 
USER	Basic Load Simulation	9	START	1600001134671	1600001134671
REQUEST	9		Get all video games	1600001134673	1600001134682	OK	 
USER	Basic Load Simulation	10	START	1600001135688	1600001135688
REQUEST	10		Get all video games	1600001135689	1600001135696	OK	 
USER	Basic Load Simulation	11	START	1600001136671	1600001136671
REQUEST	11		Get all video games	1600001136672	1600001136678	OK	 
REQUEST	1		Get Specific Game	1600001136749	1600001136752	OK	 
REQUEST	5		Get Specific Game	1600001136749	1600001136752	OK	 
REQUEST	6		Get Specific Game	1600001136749	1600001136752	OK	 
REQUEST	4		Get Specific Game	1600001136749	1600001136752	OK	 
REQUEST	2		Get Specific Game	1600001136749	1600001136752	OK	 
REQUEST	3		Get Specific Game	1600001136749	1600001136752	OK	 
USER	Basic Load Simulation	12	START	1600001137670	1600001137670
REQUEST	12		Get all video games	1600001137671	1600001137681	OK	 
REQUEST	7		Get Specific Game	1600001137716	1600001137719	OK	 
USER	Basic Load Simulation	13	START	1600001138671	1600001138671
REQUEST	13		Get all video games	1600001138672	1600001138678	OK	 
REQUEST	8		Get Specific Game	1600001138713	1600001138715	OK	 
USER	Basic Load Simulation	14	START	1600001139677	1600001139677
REQUEST	14		Get all video games	1600001139677	1600001139684	OK	 
REQUEST	9		Get Specific Game	1600001139694	1600001139696	OK	 
USER	Basic Load Simulation	15	START	1600001140673	1600001140673
REQUEST	15		Get all video games	1600001140673	1600001140677	OK	 
REQUEST	10		Get Specific Game	1600001140721	1600001140724	OK	 
REQUEST	11		Get Specific Game	1600001141693	1600001141696	OK	 
REQUEST	4		Get all video games	1600001141755	1600001141757	OK	 
REQUEST	5		Get all video games	1600001141755	1600001141757	OK	 
REQUEST	6		Get all video games	1600001141756	1600001141757	OK	 
REQUEST	2		Get all video games	1600001141755	1600001141757	OK	 
REQUEST	1		Get all video games	1600001141755	1600001141757	OK	 
REQUEST	3		Get all video games	1600001141755	1600001141758	OK	 
USER	Basic Load Simulation	2	END	1600001131686	1600001141760
USER	Basic Load Simulation	1	END	1600001131686	1600001141760
USER	Basic Load Simulation	6	END	1600001131686	1600001141760
USER	Basic Load Simulation	4	END	1600001131686	1600001141760
USER	Basic Load Simulation	5	END	1600001131686	1600001141760
USER	Basic Load Simulation	3	END	1600001131686	1600001141760
REQUEST	12		Get Specific Game	1600001142692	1600001142700	OK	 
REQUEST	7		Get all video games	1600001142738	1600001142745	OK	 
USER	Basic Load Simulation	7	END	1600001132691	1600001142746
REQUEST	13		Get Specific Game	1600001143692	1600001143700	OK	 
REQUEST	8		Get all video games	1600001143722	1600001143724	OK	 
USER	Basic Load Simulation	8	END	1600001133687	1600001143724
REQUEST	14		Get Specific Game	1600001144702	1600001144705	OK	 
REQUEST	9		Get all video games	1600001144702	1600001144705	OK	 
USER	Basic Load Simulation	9	END	1600001134671	1600001144706
REQUEST	15		Get Specific Game	1600001145701	1600001145708	OK	 
REQUEST	10		Get all video games	1600001145732	1600001145734	OK	 
USER	Basic Load Simulation	10	END	1600001135688	1600001145735
REQUEST	11		Get all video games	1600001146702	1600001146708	OK	 
USER	Basic Load Simulation	11	END	1600001136671	1600001146709
REQUEST	12		Get all video games	1600001147712	1600001147719	OK	 
USER	Basic Load Simulation	12	END	1600001137670	1600001147719
REQUEST	13		Get all video games	1600001148711	1600001148718	OK	 
USER	Basic Load Simulation	13	END	1600001138671	1600001148718
REQUEST	14		Get all video games	1600001149712	1600001149714	OK	 
USER	Basic Load Simulation	14	END	1600001139677	1600001149714
REQUEST	15		Get all video games	1600001150706	1600001150708	OK	 
USER	Basic Load Simulation	15	END	1600001140673	1600001150708
