RUN	simulations.BasicLoadSimulation	basicloadsimulation	1599689147047	0	3.3.1
USER	Basic Load Simulation	6	START	1599689152785	1599689152785
USER	Basic Load Simulation	2	START	1599689152784	1599689152784
USER	Basic Load Simulation	1	START	1599689152784	1599689152784
USER	Basic Load Simulation	5	START	1599689152784	1599689152784
USER	Basic Load Simulation	4	START	1599689152784	1599689152784
USER	Basic Load Simulation	3	START	1599689152784	1599689152784
REQUEST	1		Get all video games	1599689152810	1599689152865	OK	 
REQUEST	4		Get all video games	1599689152810	1599689152865	OK	 
REQUEST	2		Get all video games	1599689152810	1599689152865	OK	 
REQUEST	6		Get all video games	1599689152810	1599689152866	OK	 
REQUEST	5		Get all video games	1599689152810	1599689152865	OK	 
REQUEST	3		Get all video games	1599689152810	1599689152865	OK	 
USER	Basic Load Simulation	7	START	1599689153789	1599689153789
REQUEST	7		Get all video games	1599689153790	1599689153797	OK	 
USER	Basic Load Simulation	8	START	1599689154767	1599689154767
REQUEST	8		Get all video games	1599689154768	1599689154782	OK	 
USER	Basic Load Simulation	9	START	1599689155786	1599689155786
REQUEST	9		Get all video games	1599689155787	1599689155794	OK	 
USER	Basic Load Simulation	10	START	1599689156785	1599689156785
REQUEST	10		Get all video games	1599689156786	1599689156793	OK	 
USER	Basic Load Simulation	11	START	1599689157785	1599689157785
REQUEST	11		Get all video games	1599689157785	1599689157793	OK	 
REQUEST	3		Get Specific Game	1599689157879	1599689157888	OK	 
REQUEST	2		Get Specific Game	1599689157879	1599689157888	OK	 
REQUEST	4		Get Specific Game	1599689157880	1599689157888	OK	 
REQUEST	5		Get Specific Game	1599689157879	1599689157888	OK	 
REQUEST	1		Get Specific Game	1599689157879	1599689157888	OK	 
REQUEST	6		Get Specific Game	1599689157879	1599689157888	OK	 
USER	Basic Load Simulation	12	START	1599689158784	1599689158784
REQUEST	12		Get all video games	1599689158785	1599689158792	OK	 
REQUEST	7		Get Specific Game	1599689158816	1599689158820	OK	 
USER	Basic Load Simulation	13	START	1599689159783	1599689159783
REQUEST	13		Get all video games	1599689159784	1599689159791	OK	 
REQUEST	8		Get Specific Game	1599689159803	1599689159806	OK	 
USER	Basic Load Simulation	14	START	1599689160788	1599689160788
REQUEST	14		Get all video games	1599689160789	1599689160797	OK	 
REQUEST	9		Get Specific Game	1599689160804	1599689160807	OK	 
USER	Basic Load Simulation	15	START	1599689161763	1599689161763
REQUEST	15		Get all video games	1599689161764	1599689161769	OK	 
REQUEST	10		Get Specific Game	1599689161808	1599689161811	OK	 
REQUEST	11		Get Specific Game	1599689162805	1599689162809	OK	 
REQUEST	5		Get all video games	1599689162898	1599689162904	OK	 
REQUEST	4		Get all video games	1599689162898	1599689162904	OK	 
REQUEST	3		Get all video games	1599689162898	1599689162904	OK	 
REQUEST	2		Get all video games	1599689162898	1599689162904	OK	 
REQUEST	6		Get all video games	1599689162898	1599689162906	OK	 
REQUEST	1		Get all video games	1599689162898	1599689162906	OK	 
USER	Basic Load Simulation	2	END	1599689152784	1599689162907
USER	Basic Load Simulation	1	END	1599689152784	1599689162907
USER	Basic Load Simulation	3	END	1599689152784	1599689162907
USER	Basic Load Simulation	6	END	1599689152785	1599689162907
USER	Basic Load Simulation	4	END	1599689152784	1599689162907
USER	Basic Load Simulation	5	END	1599689152784	1599689162907
REQUEST	12		Get Specific Game	1599689163804	1599689163808	OK	 
REQUEST	7		Get all video games	1599689163823	1599689163826	OK	 
USER	Basic Load Simulation	7	END	1599689153789	1599689163827
REQUEST	8		Get all video games	1599689164811	1599689164819	OK	 
REQUEST	13		Get Specific Game	1599689164811	1599689164819	OK	 
USER	Basic Load Simulation	8	END	1599689154767	1599689164821
REQUEST	14		Get Specific Game	1599689165813	1599689165817	OK	 
REQUEST	9		Get all video games	1599689165813	1599689165817	OK	 
USER	Basic Load Simulation	9	END	1599689155786	1599689165817
REQUEST	15		Get Specific Game	1599689166784	1599689166794	OK	 
REQUEST	10		Get all video games	1599689166813	1599689166816	OK	 
USER	Basic Load Simulation	10	END	1599689156785	1599689166817
REQUEST	11		Get all video games	1599689167820	1599689167824	OK	 
USER	Basic Load Simulation	11	END	1599689157785	1599689167824
REQUEST	12		Get all video games	1599689168823	1599689168827	OK	 
USER	Basic Load Simulation	12	END	1599689158784	1599689168827
REQUEST	13		Get all video games	1599689169824	1599689169835	OK	 
USER	Basic Load Simulation	13	END	1599689159783	1599689169836
REQUEST	14		Get all video games	1599689170827	1599689170830	OK	 
USER	Basic Load Simulation	14	END	1599689160788	1599689170831
REQUEST	15		Get all video games	1599689171797	1599689171806	OK	 
USER	Basic Load Simulation	15	END	1599689161763	1599689171807
